C51 COMPILER V9.60.0.0   MAIN                                                              04/27/2022 23:48:27 PAGE 1   


C51 COMPILER V9.60.0.0, COMPILATION OF MODULE MAIN
OBJECT MODULE PLACED IN .\Objects\main.obj
COMPILER INVOKED BY: D:\Khanh\Keil\C51\BIN\C51.EXE main.c OPTIMIZE(8,SPEED) BROWSE DEBUG OBJECTEXTEND PRINT(.\Listings\m
                    -ain.lst) TABS(2) OBJECT(.\Objects\main.obj)

line level    source

   1          #include <regx51.h>
   2          
   3          void uartinit()
   4          {
   5   1        SM0=0;
   6   1        SM1=1;
   7   1        TMOD=0X20;
   8   1        TH1=0XFD;
   9   1        TR1=1;
  10   1        TI=1;
  11   1        REN=1;
  12   1      }
  13          
  14          void uart_write(char c)
  15          {
  16   1        while(TI==0);
  17   1        TI=0;
  18   1        SBUF=c;
  19   1      }
  20          
  21          char uart_read_data()
  22          {
  23   1        return RI;
  24   1      }
  25          char uart_read()
  26          {
  27   1        RI=0;
  28   1        return SBUF;
  29   1      }
  30          
  31          void uart_write_text(char * str)
  32          {
  33   1        unsigned char i=0;
  34   1        while(str[i]!=0)
  35   1        {
  36   2          uart_write(str[i]);
  37   2          i++;
  38   2        }
  39   1      }
  40          
  41          void main()
  42          {
  43   1        P3_2=P3_3=0;
  44   1        uartinit();
  45   1        while(1)
  46   1        {
  47   2          if( uart_read_data())
  48   2          {
  49   3            if(uart_read()=='1')
  50   3            {
  51   4              P3_2=1;
  52   4            }
  53   3            if(uart_read()=='2')
  54   3            {
C51 COMPILER V9.60.0.0   MAIN                                                              04/27/2022 23:48:27 PAGE 2   

  55   4              P3_3=1;
  56   4            }
  57   3            if(uart_read()=='3')
  58   3            {
  59   4              P3_2=0;
  60   4            }
  61   3            if(uart_read()=='4')
  62   3            {
  63   4              P3_3=0;
  64   4            }
  65   3          }
  66   2        }
  67   1      }


MODULE INFORMATION:   STATIC OVERLAYABLE
   CODE SIZE        =    120    ----
   CONSTANT SIZE    =   ----    ----
   XDATA SIZE       =   ----    ----
   PDATA SIZE       =   ----    ----
   DATA SIZE        =   ----       3
   IDATA SIZE       =   ----    ----
   BIT SIZE         =   ----    ----
END OF MODULE INFORMATION.


C51 COMPILATION COMPLETE.  0 WARNING(S),  0 ERROR(S)
